Logfile initialized
[INFO] logfile = /Users/kwhinnery/dev/appc/workspace/TodoList/build.log
[DEBUG] /Users/kwhinnery/Library/Application Support/Titanium/mobilesdk/osx/1.8.0.1/android/builder.py simulator TodoList /Users/kwhinnery/dev/android/sdk /Users/kwhinnery/dev/appc/workspace/TodoList com.appcelerator.todo 13 WVGA800 
[INFO] Building TodoList for Android ... one moment
[INFO] Titanium SDK version: 1.8.0.1 (12/22/11 13:09 fbdc96f)
[DEBUG] Waiting for device to be ready ...
[TRACE] adb devices returned 1 devices/emulators
[TRACE] adb devices returned 1 devices/emulators
[TRACE] adb devices returned 1 devices/emulators
[DEBUG] Device connected... (waited 10 seconds)
[DEBUG] waited 10.061416 seconds on emulator to get ready
[INFO] Waiting for the Android Emulator to become available
[DEBUG] com.appcelerator.todo installed? True
[INFO] Fastdev server running, deploying in Fastdev mode
[INFO] Copying project resources..
[INFO] Tiapp.xml unchanged, skipping class generation
[DEBUG] Processing Android resource drawables
[DEBUG] found drawable-long-land-hdpi splash screen at /Users/kwhinnery/dev/appc/workspace/TodoList/Resources/android/images/res-long-land-hdpi/default.png
[DEBUG] found drawable-long-land-ldpi splash screen at /Users/kwhinnery/dev/appc/workspace/TodoList/Resources/android/images/res-long-land-ldpi/default.png
[DEBUG] found drawable-long-port-hdpi splash screen at /Users/kwhinnery/dev/appc/workspace/TodoList/Resources/android/images/res-long-port-hdpi/default.png
[DEBUG] found drawable-long-port-ldpi splash screen at /Users/kwhinnery/dev/appc/workspace/TodoList/Resources/android/images/res-long-port-ldpi/default.png
[DEBUG] found drawable-notlong-land-hdpi splash screen at /Users/kwhinnery/dev/appc/workspace/TodoList/Resources/android/images/res-notlong-land-hdpi/default.png
[DEBUG] found drawable-notlong-land-ldpi splash screen at /Users/kwhinnery/dev/appc/workspace/TodoList/Resources/android/images/res-notlong-land-ldpi/default.png
[DEBUG] found drawable-notlong-land-mdpi splash screen at /Users/kwhinnery/dev/appc/workspace/TodoList/Resources/android/images/res-notlong-land-mdpi/default.png
[DEBUG] found drawable-notlong-port-hdpi splash screen at /Users/kwhinnery/dev/appc/workspace/TodoList/Resources/android/images/res-notlong-port-hdpi/default.png
[DEBUG] found drawable-notlong-port-ldpi splash screen at /Users/kwhinnery/dev/appc/workspace/TodoList/Resources/android/images/res-notlong-port-ldpi/default.png
[DEBUG] found drawable-notlong-port-mdpi splash screen at /Users/kwhinnery/dev/appc/workspace/TodoList/Resources/android/images/res-notlong-port-mdpi/default.png
[INFO] Waiting for SDCard to become available..
[INFO] Re-launching application ... TodoList
[INFO] Launching application ... TodoList
[TRACE] Launch output: Starting: Intent { act=android.intent.action.MAIN cat=[android.intent.category.LAUNCHER] cmp=com.appcelerator.todo/.TodolistActivity }

[DEBUG] signal caught: 15
